<?xml version="1.0" encoding="UTF-8"?>
<testng-results skipped="0" failed="0" total="1" passed="1">
  <reporter-output>
  </reporter-output>
  <suite name="Default suite" duration-ms="28554" started-at="2017-09-15T19:06:22Z" finished-at="2017-09-15T19:06:50Z">
    <groups>
    </groups>
    <test name="Default test" duration-ms="28554" started-at="2017-09-15T19:06:22Z" finished-at="2017-09-15T19:06:50Z">
      <class name="scripts.DScript">
        <test-method status="PASS" signature="execute()[pri:0, instance:scripts.DScript@7fa833]" name="execute" duration-ms="28531" started-at="2017-09-16T00:36:22Z" finished-at="2017-09-16T00:36:50Z">
          <reporter-output>
          </reporter-output>
        </test-method> <!-- execute -->
      </class> <!-- scripts.DScript -->
    </test> <!-- Default test -->
  </suite> <!-- Default suite -->
</testng-results>
